2018-24-08 14:18:40   INFO [pages.LoginPage] : Login Page was opened
2018-24-08 14:18:40  ERROR [libs.ActionsWithOurElements] : Can't work with element org.openqa.selenium.InvalidElementStateException: invalid element state: Element is not currently interactable and may not be manipulated
  (Session info: chrome=68.0.3440.106)
  (Driver info: chromedriver=2.40.565498 (ea082db3280dd6843ebfb08a625e3eb905c4f5ab),platform=Windows NT 10.0.10586 x86_64) (WARNING: The server did not provide any stacktrace information)
Command duration or timeout: 0 milliseconds
Build info: version: '3.12.0', revision: '7c6e0b3', time: '2018-05-08T14:04:26.12Z'
System info: host: 'OKUSHNIR-N', ip: '192.168.0.107', os.name: 'Windows 10', os.arch: 'amd64', os.version: '10.0', java.version: '1.8.0_144'
Driver info: org.openqa.selenium.chrome.ChromeDriver
Capabilities {acceptInsecureCerts: false, acceptSslCerts: false, applicationCacheEnabled: false, browserConnectionEnabled: false, browserName: chrome, chrome: {chromedriverVersion: 2.40.565498 (ea082db3280dd6..., userDataDir: C:\Users\OLEKSI~1.KUS\AppDa...}, cssSelectorsEnabled: true, databaseEnabled: false, handlesAlerts: true, hasTouchScreen: false, javascriptEnabled: true, locationContextEnabled: true, mobileEmulationEnabled: false, nativeEvents: true, networkConnectionEnabled: false, pageLoadStrategy: normal, platform: XP, platformName: XP, rotatable: false, setWindowRect: true, takesHeapSnapshot: true, takesScreenshot: true, unexpectedAlertBehaviour: , unhandledPromptBehavior: , version: 68.0.3440.106, webStorageEnabled: true}
Session ID: 6bd62de1bfad7f55b6b2677d660d67c4
2018-24-08 14:26:17   INFO [pages.LoginPage] : Login Page was opened
2018-24-08 14:26:17  ERROR [libs.ActionsWithOurElements] : Can't work with element org.openqa.selenium.InvalidElementStateException: invalid element state: Element is not currently interactable and may not be manipulated
  (Session info: chrome=68.0.3440.106)
  (Driver info: chromedriver=2.40.565498 (ea082db3280dd6843ebfb08a625e3eb905c4f5ab),platform=Windows NT 10.0.10586 x86_64) (WARNING: The server did not provide any stacktrace information)
Command duration or timeout: 0 milliseconds
Build info: version: '3.12.0', revision: '7c6e0b3', time: '2018-05-08T14:04:26.12Z'
System info: host: 'OKUSHNIR-N', ip: '192.168.0.107', os.name: 'Windows 10', os.arch: 'amd64', os.version: '10.0', java.version: '1.8.0_144'
Driver info: org.openqa.selenium.chrome.ChromeDriver
Capabilities {acceptInsecureCerts: false, acceptSslCerts: false, applicationCacheEnabled: false, browserConnectionEnabled: false, browserName: chrome, chrome: {chromedriverVersion: 2.40.565498 (ea082db3280dd6..., userDataDir: C:\Users\OLEKSI~1.KUS\AppDa...}, cssSelectorsEnabled: true, databaseEnabled: false, handlesAlerts: true, hasTouchScreen: false, javascriptEnabled: true, locationContextEnabled: true, mobileEmulationEnabled: false, nativeEvents: true, networkConnectionEnabled: false, pageLoadStrategy: normal, platform: XP, platformName: XP, rotatable: false, setWindowRect: true, takesHeapSnapshot: true, takesScreenshot: true, unexpectedAlertBehaviour: , unhandledPromptBehavior: , version: 68.0.3440.106, webStorageEnabled: true}
Session ID: 450dcdb31559147af8e589371c3d6e23
2018-24-08 14:31:52   INFO [pages.LoginPage] : Login Page was opened
2018-24-08 14:32:12  ERROR [libs.ActionsWithOurElements] : Can't work with element org.openqa.selenium.TimeoutException: Expected condition failed: waiting for element to be clickable: [[ChromeDriver: chrome on XP (7947f72ed8947d4aeab1f70c4e620924)] -> name: user[email]] (tried for 20 second(s) with 500 milliseconds interval)
Build info: version: '3.12.0', revision: '7c6e0b3', time: '2018-05-08T14:04:26.12Z'
System info: host: 'OKUSHNIR-N', ip: '192.168.0.107', os.name: 'Windows 10', os.arch: 'amd64', os.version: '10.0', java.version: '1.8.0_144'
Driver info: org.openqa.selenium.chrome.ChromeDriver
Capabilities {acceptInsecureCerts: false, acceptSslCerts: false, applicationCacheEnabled: false, browserConnectionEnabled: false, browserName: chrome, chrome: {chromedriverVersion: 2.40.565498 (ea082db3280dd6..., userDataDir: C:\Users\OLEKSI~1.KUS\AppDa...}, cssSelectorsEnabled: true, databaseEnabled: false, handlesAlerts: true, hasTouchScreen: false, javascriptEnabled: true, locationContextEnabled: true, mobileEmulationEnabled: false, nativeEvents: true, networkConnectionEnabled: false, pageLoadStrategy: normal, platform: XP, platformName: XP, rotatable: false, setWindowRect: true, takesHeapSnapshot: true, takesScreenshot: true, unexpectedAlertBehaviour: , unhandledPromptBehavior: , version: 68.0.3440.106, webStorageEnabled: true}
Session ID: 7947f72ed8947d4aeab1f70c4e620924
2018-24-08 14:32:58   INFO [pages.LoginPage] : Login Page was opened
2018-24-08 14:32:58  ERROR [libs.ActionsWithOurElements] : Can't work with element org.openqa.selenium.InvalidElementStateException: invalid element state: Element is not currently interactable and may not be manipulated
  (Session info: chrome=68.0.3440.106)
  (Driver info: chromedriver=2.40.565498 (ea082db3280dd6843ebfb08a625e3eb905c4f5ab),platform=Windows NT 10.0.10586 x86_64) (WARNING: The server did not provide any stacktrace information)
Command duration or timeout: 0 milliseconds
Build info: version: '3.12.0', revision: '7c6e0b3', time: '2018-05-08T14:04:26.12Z'
System info: host: 'OKUSHNIR-N', ip: '192.168.0.107', os.name: 'Windows 10', os.arch: 'amd64', os.version: '10.0', java.version: '1.8.0_144'
Driver info: org.openqa.selenium.chrome.ChromeDriver
Capabilities {acceptInsecureCerts: false, acceptSslCerts: false, applicationCacheEnabled: false, browserConnectionEnabled: false, browserName: chrome, chrome: {chromedriverVersion: 2.40.565498 (ea082db3280dd6..., userDataDir: C:\Users\OLEKSI~1.KUS\AppDa...}, cssSelectorsEnabled: true, databaseEnabled: false, handlesAlerts: true, hasTouchScreen: false, javascriptEnabled: true, locationContextEnabled: true, mobileEmulationEnabled: false, nativeEvents: true, networkConnectionEnabled: false, pageLoadStrategy: normal, platform: XP, platformName: XP, rotatable: false, setWindowRect: true, takesHeapSnapshot: true, takesScreenshot: true, unexpectedAlertBehaviour: , unhandledPromptBehavior: , version: 68.0.3440.106, webStorageEnabled: true}
Session ID: 71ba51401aca2c7b8f4e066ed3e372e0
2018-24-08 14:40:04   INFO [pages.LoginPage] : Login Page was opened
2018-24-08 14:40:04  ERROR [libs.ActionsWithOurElements] : Can't work with element org.openqa.selenium.InvalidElementStateException: invalid element state: Element is not currently interactable and may not be manipulated
  (Session info: chrome=68.0.3440.106)
  (Driver info: chromedriver=2.40.565498 (ea082db3280dd6843ebfb08a625e3eb905c4f5ab),platform=Windows NT 10.0.10586 x86_64) (WARNING: The server did not provide any stacktrace information)
Command duration or timeout: 0 milliseconds
Build info: version: '3.12.0', revision: '7c6e0b3', time: '2018-05-08T14:04:26.12Z'
System info: host: 'OKUSHNIR-N', ip: '192.168.0.107', os.name: 'Windows 10', os.arch: 'amd64', os.version: '10.0', java.version: '1.8.0_144'
Driver info: org.openqa.selenium.chrome.ChromeDriver
Capabilities {acceptInsecureCerts: false, acceptSslCerts: false, applicationCacheEnabled: false, browserConnectionEnabled: false, browserName: chrome, chrome: {chromedriverVersion: 2.40.565498 (ea082db3280dd6..., userDataDir: C:\Users\OLEKSI~1.KUS\AppDa...}, cssSelectorsEnabled: true, databaseEnabled: false, handlesAlerts: true, hasTouchScreen: false, javascriptEnabled: true, locationContextEnabled: true, mobileEmulationEnabled: false, nativeEvents: true, networkConnectionEnabled: false, pageLoadStrategy: normal, platform: XP, platformName: XP, rotatable: false, setWindowRect: true, takesHeapSnapshot: true, takesScreenshot: true, unexpectedAlertBehaviour: , unhandledPromptBehavior: , version: 68.0.3440.106, webStorageEnabled: true}
Session ID: 5f08b3518c74de38cda28e27b01f8cba
2018-24-08 14:46:04   INFO [pages.LoginPage] : Login Page was opened
2018-24-08 14:46:04  ERROR [libs.ActionsWithOurElements] : Can't work with element org.openqa.selenium.InvalidElementStateException: invalid element state: Element is not currently interactable and may not be manipulated
  (Session info: chrome=68.0.3440.106)
  (Driver info: chromedriver=2.40.565498 (ea082db3280dd6843ebfb08a625e3eb905c4f5ab),platform=Windows NT 10.0.10586 x86_64) (WARNING: The server did not provide any stacktrace information)
Command duration or timeout: 0 milliseconds
Build info: version: '3.12.0', revision: '7c6e0b3', time: '2018-05-08T14:04:26.12Z'
System info: host: 'OKUSHNIR-N', ip: '192.168.0.107', os.name: 'Windows 10', os.arch: 'amd64', os.version: '10.0', java.version: '1.8.0_144'
Driver info: org.openqa.selenium.chrome.ChromeDriver
Capabilities {acceptInsecureCerts: false, acceptSslCerts: false, applicationCacheEnabled: false, browserConnectionEnabled: false, browserName: chrome, chrome: {chromedriverVersion: 2.40.565498 (ea082db3280dd6..., userDataDir: C:\Users\OLEKSI~1.KUS\AppDa...}, cssSelectorsEnabled: true, databaseEnabled: false, handlesAlerts: true, hasTouchScreen: false, javascriptEnabled: true, locationContextEnabled: true, mobileEmulationEnabled: false, nativeEvents: true, networkConnectionEnabled: false, pageLoadStrategy: normal, platform: XP, platformName: XP, rotatable: false, setWindowRect: true, takesHeapSnapshot: true, takesScreenshot: true, unexpectedAlertBehaviour: , unhandledPromptBehavior: , version: 68.0.3440.106, webStorageEnabled: true}
Session ID: 091cc20c06964c66cfe2a336a8fc9f69
2018-24-08 14:49:58   INFO [pages.LoginPage] : Login Page was opened
2018-24-08 14:49:59   INFO [libs.ActionsWithOurElements] : qatestchannel@gmail.com was inputted into element
2018-24-08 14:49:59  ERROR [libs.ActionsWithOurElements] : Can't work with element org.openqa.selenium.InvalidElementStateException: invalid element state: Element is not currently interactable and may not be manipulated
  (Session info: chrome=68.0.3440.106)
  (Driver info: chromedriver=2.40.565498 (ea082db3280dd6843ebfb08a625e3eb905c4f5ab),platform=Windows NT 10.0.10586 x86_64) (WARNING: The server did not provide any stacktrace information)
Command duration or timeout: 0 milliseconds
Build info: version: '3.12.0', revision: '7c6e0b3', time: '2018-05-08T14:04:26.12Z'
System info: host: 'OKUSHNIR-N', ip: '192.168.0.107', os.name: 'Windows 10', os.arch: 'amd64', os.version: '10.0', java.version: '1.8.0_144'
Driver info: org.openqa.selenium.chrome.ChromeDriver
Capabilities {acceptInsecureCerts: false, acceptSslCerts: false, applicationCacheEnabled: false, browserConnectionEnabled: false, browserName: chrome, chrome: {chromedriverVersion: 2.40.565498 (ea082db3280dd6..., userDataDir: C:\Users\OLEKSI~1.KUS\AppDa...}, cssSelectorsEnabled: true, databaseEnabled: false, handlesAlerts: true, hasTouchScreen: false, javascriptEnabled: true, locationContextEnabled: true, mobileEmulationEnabled: false, nativeEvents: true, networkConnectionEnabled: false, pageLoadStrategy: normal, platform: XP, platformName: XP, rotatable: false, setWindowRect: true, takesHeapSnapshot: true, takesScreenshot: true, unexpectedAlertBehaviour: , unhandledPromptBehavior: , version: 68.0.3440.106, webStorageEnabled: true}
Session ID: b7f130ab1e541a7932230390c73256e7
2018-24-08 14:51:00   INFO [pages.LoginPage] : Login Page was opened
2018-24-08 14:51:00   INFO [libs.ActionsWithOurElements] : qatestchannel@gmail.com was inputted into element
2018-24-08 14:51:00   INFO [libs.ActionsWithOurElements] : ytrewq was inputted into element
2018-24-08 14:51:00   INFO [libs.ActionsWithOurElements] : Element was clicked
2018-25-08 14:05:47   INFO [pages.LoginPage] : Login Page was opened
2018-25-08 14:05:47   INFO [libs.ActionsWithOurElements] : Login was inputted into element
2018-25-08 14:05:47   INFO [libs.ActionsWithOurElements] : ytrewq was inputted into element
2018-25-08 14:05:47   INFO [libs.ActionsWithOurElements] : Element was clicked
2018-25-08 14:05:55   INFO [pages.LoginPage] : Login Page was opened
2018-25-08 14:05:56   INFO [libs.ActionsWithOurElements] : qatestchannel@gmail.com was inputted into element
2018-25-08 14:05:56   INFO [libs.ActionsWithOurElements] : qwerty was inputted into element
2018-25-08 14:05:56   INFO [libs.ActionsWithOurElements] : Element was clicked
2018-25-08 14:05:56  ERROR [loginTests.UnvalidLoginWithParams] : AC failed: Button is present
2018-25-08 14:14:37   INFO [pages.LoginPage] : Login Page was opened
2018-25-08 14:14:37   INFO [libs.ActionsWithOurElements] : Login was inputted into element
2018-25-08 14:14:37   INFO [libs.ActionsWithOurElements] : ytrewq was inputted into element
2018-25-08 14:14:37   INFO [libs.ActionsWithOurElements] : Element was clicked
2018-25-08 14:14:45   INFO [pages.LoginPage] : Login Page was opened
2018-25-08 14:14:45   INFO [libs.ActionsWithOurElements] : qatestchannel@gmail.com was inputted into element
2018-25-08 14:14:45   INFO [libs.ActionsWithOurElements] : qwerty was inputted into element
2018-25-08 14:14:45   INFO [libs.ActionsWithOurElements] : Element was clicked
2018-25-08 14:14:45  ERROR [loginTests.UnvalidLoginWithParams] : AC failed: Button is present
2018-25-08 15:26:51   INFO [pages.LoginPage] : Login Page was opened
2018-25-08 15:26:52   INFO [libs.ActionsWithOurElements] : Login was inputted into element
2018-25-08 15:26:52   INFO [libs.ActionsWithOurElements] : ytrewq was inputted into element
2018-25-08 15:26:52   INFO [libs.ActionsWithOurElements] : Element was clicked
2018-25-08 15:26:59   INFO [pages.LoginPage] : Login Page was opened
2018-25-08 15:26:59   INFO [libs.ActionsWithOurElements] : qatestchannel@gmail.com was inputted into element
2018-25-08 15:26:59   INFO [libs.ActionsWithOurElements] : qwerty was inputted into element
2018-25-08 15:26:59   INFO [libs.ActionsWithOurElements] : Element was clicked
2018-25-08 15:28:00   INFO [pages.LoginPage] : Login Page was opened
2018-25-08 15:28:00   INFO [libs.ActionsWithOurElements] : Login was inputted into element
2018-25-08 15:28:00   INFO [libs.ActionsWithOurElements] : ytrewq was inputted into element
2018-25-08 15:28:01   INFO [libs.ActionsWithOurElements] : Element was clicked
2018-25-08 15:28:08   INFO [pages.LoginPage] : Login Page was opened
2018-25-08 15:28:08   INFO [libs.ActionsWithOurElements] : qatestchannel@gmail.com was inputted into element
2018-25-08 15:28:08   INFO [libs.ActionsWithOurElements] : qwerty was inputted into element
2018-25-08 15:28:08   INFO [libs.ActionsWithOurElements] : Element was clicked
2018-25-08 15:28:08  ERROR [loginTests.UnvalidLoginWithParams] : AC failed: Button is present
2018-28-08 17:50:34   INFO [pages.LoginPage] : Login Page was opened
2018-28-08 17:50:34   INFO [libs.ActionsWithOurElements] : Login was inputted into element
2018-28-08 17:50:34   INFO [libs.ActionsWithOurElements] : ytrewq was inputted into element
2018-28-08 17:50:34   INFO [libs.ActionsWithOurElements] : Element was clicked
2018-28-08 17:51:03   INFO [pages.LoginPage] : Login Page was opened
2018-28-08 17:51:03   INFO [libs.ActionsWithOurElements] : qatestchannel@gmail.com was inputted into element
2018-28-08 17:51:03   INFO [libs.ActionsWithOurElements] : qwerty was inputted into element
2018-28-08 17:51:03   INFO [libs.ActionsWithOurElements] : Element was clicked
2018-28-08 18:10:09   INFO [pages.LoginPage] : Login Page was opened
2018-28-08 18:10:10   INFO [libs.ActionsWithOurElements] : Login was inputted into element
2018-28-08 18:10:10   INFO [libs.ActionsWithOurElements] : ytrewq was inputted into element
2018-28-08 18:10:15   INFO [libs.ActionsWithOurElements] : Element was clicked
2018-28-08 18:10:20  ERROR [loginTests.UnvalidLoginWithParams] : AC failed: Button is present
2018-28-08 18:10:48   INFO [pages.LoginPage] : Login Page was opened
2018-28-08 18:10:48   INFO [libs.ActionsWithOurElements] : qatestchannel@gmail.com was inputted into element
2018-28-08 18:10:48   INFO [libs.ActionsWithOurElements] : qwerty was inputted into element
2018-28-08 18:10:49   INFO [libs.ActionsWithOurElements] : Element was clicked
2018-28-08 18:10:54  ERROR [loginTests.UnvalidLoginWithParams] : AC failed: Button is present
2018-28-08 18:12:41   INFO [pages.LoginPage] : Login Page was opened
2018-28-08 18:12:41   INFO [libs.ActionsWithOurElements] : Login was inputted into element
2018-28-08 18:12:41   INFO [libs.ActionsWithOurElements] : ytrewq was inputted into element
2018-28-08 18:12:41   INFO [libs.ActionsWithOurElements] : Element was clicked
2018-28-08 18:13:11   INFO [pages.LoginPage] : Login Page was opened
2018-28-08 18:13:11   INFO [libs.ActionsWithOurElements] : qatestchannel@gmail.com was inputted into element
2018-28-08 18:13:11   INFO [libs.ActionsWithOurElements] : qwerty was inputted into element
2018-28-08 18:13:12   INFO [libs.ActionsWithOurElements] : Element was clicked
2018-28-08 18:13:12  ERROR [loginTests.UnvalidLoginWithParams] : AC failed: Button is present
2018-28-08 20:31:22   INFO [pages.LoginPage] : Login Page was opened
2018-28-08 20:31:22   INFO [libs.ActionsWithOurElements] : Login was inputted into element
2018-28-08 20:31:22   INFO [libs.ActionsWithOurElements] : ytrewq was inputted into element
2018-28-08 20:31:22   INFO [libs.ActionsWithOurElements] : Element was clicked
2018-28-08 20:31:30   INFO [pages.LoginPage] : Login Page was opened
2018-28-08 20:31:31   INFO [libs.ActionsWithOurElements] : qatestchannel@gmail.com was inputted into element
2018-28-08 20:31:31   INFO [libs.ActionsWithOurElements] : qwerty was inputted into element
2018-28-08 20:31:31   INFO [libs.ActionsWithOurElements] : Element was clicked
2018-28-08 20:31:31  ERROR [loginTests.UnvalidLoginWithParams] : AC failed: Button is present
2018-28-08 20:36:53   INFO [pages.LoginPage] : Login Page was opened
2018-28-08 20:36:54   INFO [libs.ActionsWithOurElements] : Login was inputted into element
2018-28-08 20:36:54   INFO [libs.ActionsWithOurElements] : ytrewq was inputted into element
2018-28-08 20:36:54   INFO [libs.ActionsWithOurElements] : Element was clicked
2018-28-08 20:37:02   INFO [pages.LoginPage] : Login Page was opened
2018-28-08 20:37:02   INFO [libs.ActionsWithOurElements] : qatestchannel@gmail.com was inputted into element
2018-28-08 20:37:02   INFO [libs.ActionsWithOurElements] : qwerty was inputted into element
2018-28-08 20:37:08   INFO [libs.ActionsWithOurElements] : Element was clicked
2018-30-08 10:04:31  ERROR [pages.LoginPage] : Can't open LoginPage
2018-30-08 10:04:32  ERROR [pages.LoginPage] : Can't open LoginPage
2018-01-09 17:19:41   INFO [pages.LoginPage] : Login Page was opened
2018-01-09 17:19:42   INFO [libs.ActionsWithOurElements] : qatestchannel@gmail.com was inputted into element
2018-01-09 17:19:42   INFO [libs.ActionsWithOurElements] : ytrewq was inputted into element
2018-01-09 17:19:42   INFO [libs.ActionsWithOurElements] : Element was clicked
2018-01-09 17:27:12   INFO [pages.LoginPage] : Login Page was opened
2018-01-09 17:27:12   INFO [libs.ActionsWithOurElements] : qatestchannel@gmail.com was inputted into element
2018-01-09 17:27:12   INFO [libs.ActionsWithOurElements] : ytrewq was inputted into element
2018-01-09 17:27:13   INFO [libs.ActionsWithOurElements] : Element was clicked
2018-01-09 17:31:03   INFO [pages.LoginPage] : Login Page was opened
2018-01-09 17:31:04   INFO [libs.ActionsWithOurElements] : qatestchannel@gmail.com was inputted into element
2018-01-09 17:31:04   INFO [libs.ActionsWithOurElements] : ytrewq was inputted into element
2018-01-09 17:31:04   INFO [libs.ActionsWithOurElements] : Element was clicked
2018-01-09 17:37:29   INFO [pages.LoginPage] : Login Page was opened
2018-01-09 17:37:30   INFO [libs.ActionsWithOurElements] : qatestchannel@gmail.com was inputted into element
2018-01-09 17:37:30   INFO [libs.ActionsWithOurElements] : ytrewq was inputted into element
2018-01-09 17:37:30   INFO [libs.ActionsWithOurElements] : Element was clicked
2018-01-09 19:47:26   INFO [pages.LoginPage] : Login Page was opened
2018-01-09 19:47:27   INFO [libs.ActionsWithOurElements] : qatestchannel@gmail.com was inputted into element
2018-01-09 19:47:27   INFO [libs.ActionsWithOurElements] : ytrewq was inputted into element
2018-01-09 19:47:27   INFO [libs.ActionsWithOurElements] : Element was clicked
2018-01-09 19:59:15   INFO [pages.LoginPage] : Login Page was opened
2018-01-09 19:59:16   INFO [libs.ActionsWithOurElements] : qatestchannel@gmail.com was inputted into element
2018-01-09 19:59:16   INFO [libs.ActionsWithOurElements] : ytrewq was inputted into element
2018-01-09 19:59:16   INFO [libs.ActionsWithOurElements] : Element was clicked
2018-01-09 21:07:37   INFO [pages.LoginPage] : Login Page was opened
2018-01-09 21:07:37   INFO [libs.ActionsWithOurElements] : qatestchannel@gmail.com was inputted into element
2018-01-09 21:07:38   INFO [libs.ActionsWithOurElements] : ytrewq was inputted into element
2018-01-09 21:07:38   INFO [libs.ActionsWithOurElements] : Element was clicked
